<?xml version="1.0" encoding="UTF-8"?>
<!-- Generated by org.testng.reporters.JUnitReportReporter -->
<testsuite skipped="0" hostname="Sanas-Air" name="hw_15.ContinuationOfSeleniumMethods" tests="3" failures="0" timestamp="2021-12-26T15:23:48 EST" time="74.282" errors="0">
  <testcase name="searchBarTestNavigationTest" time="39.079" classname="hw_15.ContinuationOfSeleniumMethods"/>
  <system-out/>
  <testcase name="clearTestFullScreenTestAndGetSizeTest" time="27.301" classname="hw_15.ContinuationOfSeleniumMethods"/>
  <system-out/>
  <testcase name="setSizeTest" time="7.902" classname="hw_15.ContinuationOfSeleniumMethods"/>
  <system-out/>
</testsuite> <!-- hw_15.ContinuationOfSeleniumMethods -->
