<?xml version="1.0" encoding="UTF-8"?>
<!-- Generated by org.testng.reporters.JUnitReportReporter -->
<testsuite skipped="0" hostname="Sanas-Air" name="hw_13.Methods_maximize_fullscreen_deleteAllCookies_get_sleep_click_quit" tests="1" failures="0" timestamp="2021-12-26T17:16:50 EST" time="10.224" errors="0">
  <testcase name="bestSellersButtonTest" time="10.224" classname="hw_13.Methods_maximize_fullscreen_deleteAllCookies_get_sleep_click_quit"/>
  <system-out/>
</testsuite> <!-- hw_13.Methods_maximize_fullscreen_deleteAllCookies_get_sleep_click_quit -->
