<?xml version="1.0" encoding="UTF-8"?>
<!-- Generated by org.testng.reporters.JUnitReportReporter -->
<testsuite skipped="0" hostname="Sanas-Air" name="hw_16.Use_of_gecko_driver" tests="7" failures="0" timestamp="2022-01-05T16:23:58 EST" time="39.411" errors="0">
  <testcase name="maximize" time="1.825" classname="hw_16.Use_of_gecko_driver"/>
  <system-out/>
  <testcase name="byIndexTest" time="5.556" classname="hw_16.Use_of_gecko_driver"/>
  <system-out/>
  <testcase name="byValue" time="3.428" classname="hw_16.Use_of_gecko_driver"/>
  <system-out/>
  <testcase name="byVisibleText" time="3.286" classname="hw_16.Use_of_gecko_driver"/>
  <system-out/>
  <testcase name="moveToElement" time="9.726" classname="hw_16.Use_of_gecko_driver"/>
  <system-out/>
  <testcase name="acceptAlertMethod" time="11.288" classname="hw_16.Use_of_gecko_driver"/>
  <system-out/>
  <testcase name="dismissAlertMethod" time="4.302" classname="hw_16.Use_of_gecko_driver"/>
  <system-out/>
</testsuite> <!-- hw_16.Use_of_gecko_driver -->
